CASA
BICICLETA
CARRO
GATO
XADREZ
COMPUTADOR
ESCANTOAR
FONOCINEMATOGRAFIA
OOLOGIA
ENGALEAR
ANTERODORSAL
GOLFAR
TILODRUSO
NODULAR
MACROSTILIA
JAMBRUQUENSE
MALFEITORIA
CARMOPOLIENSE
AGOSTINIANISMO
BUTORFANOL
NEUROSSEMIOLOGIA
RESTOLHOS
TACANHOBA
SARDUESCO
HIPNOBATA
ABRUNHAR
DOLARIZAR
PERELITO
TRAPUCA
COLESTERATO
SOLFEJISTA
FLORINEENSE
RONIFIBRATO
CRISOMONADALE
NACERDA
CAPROMABE
MANULEIO
ADRIANAL
ESCALDEAR
RABIOSAR
HILELA
AMPLECTIVO
FILTRATO
MOLOQUENSE
MOIPIRA
FRAGARIANINA
AMESTRATINO
CARANAPATUBENSE
OITITURUBA
SUPERMALA
GENCIANA
REGEIRA
GRAVATAIENSE
CATESBEIA
HANDELIANO
PADIXATO
TELESCOPIFORME
COLALEMIA
POPANA
CIRCUNDANTEMENTE
PNEUMOPALUDISMO
SANDALITE
INCANDESCER
MAGADIITA
GUANHUMI
DECRETAL
MUGUEIRA
SINDACTILIA
ESTRAMONTAR
AGAPOFITE
PACAVIRA
LINDOIENSE
IDEOLOGISMO
HIPOPTOPOMA
TETRANTO
OCCIPITOCERVICAL
METAPLEURA
MUCANGAXA
JUPUUBA
CRISTADELFIANISMO
MULTICULTURA
CLIENTELAR
ANCORETE
ACROCEFALIA
CARAMULEIRO
INDEVIDO
MOFAREIRO
APOROCACTO
ADAMANTINENSE
DIAPALMO
EMBREFILHADO
LEALDEZA
MULTIMULHER
ARRIBANCEIRADO
CEVADOIRO
ZERUMBA
RANCESCER
CORRIOL
DEUCALIANO
ALERGICAMENTE
VADIMONE
SEMESTREIRO
DIAMANTINISMO
ESPIRITAR
CLORITOSPATO
SUFISMO
POLIOPLASMA
LANGUITA
ASPERGER
VOLCANA
FURUFURAMIDA
SURIAPANA
PRETERISMO
OREOSSAURO
INGLESIA
NITROBARBITURATO
PIPROFUROL
ACERATOSIA
BETULONENSE
MALHAGEM
APARELHAR
HAPTOGLOBINA
SEMIESCALDANTE
TRASMALHAR
DECALCOMANIA
DONZELIA
DEMARCATIVO
XERETAR
PERSOFALANTE
CURAIRI
LAYOUT
CRIOTERAPIA
REFESTO
RONQUEAR
POLIRRITMIA
SULFALUMINATO
HIPERPAROTIDIA
LUDRILHO
MOURIL
AZIDANFENICOL
MUCOLITICO
BARRENOS
SESQUISSULFURETO
ACONFRADAR
CAATITA
OMALOMENA
VATICANO
NATINOPOLITANO
FOTOMORFISMO
BRASOPOLENSE
TRIFLUORMEPRAZINA
LIBETENITE
EOLIANITO
ABIOGENIA
NEBRACETAM
QUINQUERREME
MIALATE
ERITINO
SARDOMOZIDA
CITOTROFOBLASTO
GEVOTROLINA
CUMPRIDOURO
INGRISMO
CODIZAR
SAGARTIXA
ALFINAGO
SARPOGRELATO
IMPOTABILIDADE
DESCORUCHAR
CARABA
COSTELETADA
PODRIDO
ESQUISITICE
ZAROLHO
HIPERCARGA
PARRICRINITO
MEMANTINA
CLOROMAGNESITA
FETOPATIA
VERAZIDA
CRIOTECNIA
PIROCRODITE
TELARGPALITA
QUERATOSCOPIA
FALANGINIANO
PRETUCANO
MICROESTADO
MICUIM
BAGABAGA
PACUPEVA
ACEROIDEO
STOMIA
MINISTERIAL
JUNQUILHO
VASTUOSO
SUINARIA
CHACURU
MELANTIA
COLAGENOSE
PERCARBURETO
BEBEERINA
BIOSOFIA
NAFIVERINA
XEIQUE
CRIOMETRIA
HEXOSAMINA
TERRENSE
MESOTERMAL
GALIMOS
DEBITAR
ABATIGOERA
VERSEJAR
COMPADRICE
FOSFOREMIA
SOBREDOSE
PARAPA
OXIPLEURO
ABROTANELA
MONDINENSE
QUINDECIOLIONESIMAL
PESTICEMIA
PICROCARMIM
FICTOR
MISOPROSTOL
FOSFURETO
JORNADA
ISENTIVO
CITARINHA
ISOBUTIRATO
SOPEGAR
DESVALIJAR
EMPOLGAR
ANGIODERMATITE
VARRER
CERTOS
PIXOTE
BRUNEANO
INESITANTE
DIBOTRIOCEFALIA
FEIXOTE
CEFALEMATOMA
LAPACHOL
HIDROFERRITE
CROBENETINA
METILPENTANAL
MIRANTEGO
POUPADURA
LASERPITINA
ARTERIOTONIA
SAMATRA
CRIURI
CASSEAR
QUADRURBANO
DENUNCIATIVO
ENGASTOAR
BOQUEAR
MACACONGO
LAPARONEFRECTOMIA
BONOBO
DECITABINA
TECNICISMO
JAMBURI
MATANENSE
FRONTIPARIETAL
MEGALODERO
FUSICELULAR
ANALOGISMO
MICROPERA
PARORQUIDIA
MAQUIAVELIZAR
BASSORINA
ABNADAR
PEDICAR
ACASDIR
SOLIPERTINA
RECAPAGEM
ONEOLOGIA
TORONJAL
ROSOLATO
ESPINOCARPO
FLORENTE
CARBOLITE
RUBENESCO
GALHISTRO
VISARGA
POCEMA
ALICERCEAR
NEUROPLASMA
XANTILINA
SALPINGOFORITE
METILERGOMETRINA
MONOISTERA
MAAPRANA
TRIACA
ANADEMA
LOMATIOL
TURGIDEZ
FERRAMENTARIA
GRELOS
VIPOMA
CARIFRANZIDO
BATIAL
ITUPEVA
HIDROPEXIA
CESTRO
CHACINEIRO
ESTRUPITIOFAGIA
PALMENSE
CACITE
CERIEIRO
JIRIMATO
CARBIMAZOL
CAFIFICE
DERMATOFOBIA
ACALIPTRADO
PIOFTALMIA
ESTIBIOEXARGENTITE
ADENOGLIOMA
COSTABDOMINAL
FRIGILANTO
BURENDANGA
ABDITA
CITOMA
UMPEREVU
MANDAMENTAL
ENTUPIR
CADENCIOSO
ITAARENSE
CAMBIACHO
CABOMBOIDEO
EPIGENESIA
TETRANETO
FARROMA
ESTOMATOLALIA
MEDULOTERAPIA
DELETAR
CAISIQUITA
REDEAL
QUESTIONAR
QUIONADO
LERGOTRILA
DISTAL
INVESAMENTO
ESTILOLITO
ALCOPE
MELADINHENSE
LOGARITMO
ANGUINHA
ESFECO
PIRABIJU
MOBILAR
HIDROFTALMIA
CALHAMEIRA
SINGULATIVO
DESCEDURA
CAUDILHESCO
TOLQUINZOL
OBSTRITO
PSEUDOCONJUGADO
INCONTRADITO
DIGRESSIVO
TRIATLODIDIMIA
TATALAR
CISTECIENSE
ODONTARMOSE
BELTRANO
TANGANHEIRO
OXIRREDUTOR
ENCHENTENSE
CAVALAR
CARQUEJAL
SITOTOXISMO
VERTICELO
INDUMENTAR
ONCEIRO
OMBROFOBIA
ECTOPOCISTE
LICOPENO
GRENETINA
ISOVOLUMAR
PALONZANO
TIOMUCASE
AMPULITE
CAULESTERINA
QUIMBIMBE
SUBDIMENSIONADO
ANOITAR
LAPPARENTITA
PROCESSOLOGIA
ESCAROLAR
EMBRIOGENIA
ASSIRATO
ASTURICENSE
ACHARCAR
CLINOTAXE
TOSILCLORAMIDA
ASFIXIOLOGIA
TUBICINELA
HIDRASTATO
HEBOSTEOTOMIA
HEXACOSILA
MANOPIRANOSE
FITORRODINA
MEROCIANINA
ASVANDAR
EMPACADURA
ROLDEAR
AGRUMULAR
BAQUEANO
TASCOS
PANTEIRO
CATEGORIAL
FITOPATIA
MESOMETEORITO
CULPAR
IMPERIOSO
SOMENOS
EPIPLASMA
POLONGA
JUCURUJU
COREOATETOIDE
INAMBUTONA
ALPARAVAZ
BISACO
CHIBARRADA
ALILTRIMETOXIBENZENO
COERCITIVO
BACAMARTISTA
NANTENSE
ANAGLIPTO
ACORUJADO
OSTEOSSINOVITE
SAUROTERA
SILIMARINA
ALUSSULFE
TERMOFOBIA
SUBMURO
MELESSE
TELECARDIOFONIA
BARPUR
SAMPLEADO
IODINANTE
GEDROSIANO
CANAMILHA
LITOSSIDERITO
GLOSSOFITIA
HELIOPOLIENSE
CISMAR
CONTRISTAR
REQUISITOS
ZAMBONINITA
FORBEIA
ESPIZIASTUR
ELAGOTANATO
SALSENSE
MURGANHO
MIRICI
VERDUROSO
SURIANO
GAMOTE
QUADRIGITADO
PASSAREDO
ENCOMPRIDAR
DIDASCALE
PRANGO
ABSTRAIR
SEGREDAR
PROLEGADO
BILROS
DESOCULTISMO
ENTRECOSTO
ISOTELIA
PAROTIANO
PODIMIRINENSE
PASSINHOS
DESTREZA
DESCASCADELA
KANTIANO
MARACAIENSE
PERICARPOIDE
BATIBANDA
DESESPERATIVO
BIRNESSITA
TRIBUTAL
RACEMO
BOOTHITA
TITULATURA
UNCIRROSTRO
MUQUECA
ESTEPANTE
DESBARRANCAR
XILENO
LITURETERIA
JANEIRENTO
LECANIODISCO
OFFLINE
SABIAPIRI
SARAVAQUITE
CORONOIDEANO
ESCROFULINA
PROTARO
PSICRESTESIA
BETADEX
BOICEIRO
TROMBOCITOPOESE
APURAR
FIM
